CRITICAL - 2022-06-14 22:33:05 --> Unclosed '{' on line 4
#0 C:\xampp\htdocs\myproject\system\Router\Router.php(175): CodeIgniter\Router\Router->autoRoute('login/login')
#1 C:\xampp\htdocs\myproject\system\CodeIgniter.php(726): CodeIgniter\Router\Router->handle('login/login')
#2 C:\xampp\htdocs\myproject\system\CodeIgniter.php(368): CodeIgniter\CodeIgniter->tryToRouteIt(Object(CodeIgniter\Router\RouteCollection))
#3 C:\xampp\htdocs\myproject\system\CodeIgniter.php(326): CodeIgniter\CodeIgniter->handleRequest(NULL, Object(Config\Cache), false)
#4 C:\xampp\htdocs\myproject\public\index.php(37): CodeIgniter\CodeIgniter->run()
#5 C:\xampp\htdocs\myproject\system\Commands\Server\rewrite.php(43): require_once('C:\\xampp\\htdocs...')
#6 {main}
CRITICAL - 2022-06-14 22:36:39 --> Invalid file: login.php
#0 C:\xampp\htdocs\myproject\system\View\View.php(198): CodeIgniter\Exceptions\FrameworkException::forInvalidFile('login.php')
#1 C:\xampp\htdocs\myproject\system\Common.php(1089): CodeIgniter\View\View->render('login', Array, true)
#2 C:\xampp\htdocs\myproject\app\Controllers\Pages.php(12): view('login', Array)
#3 C:\xampp\htdocs\myproject\system\CodeIgniter.php(832): App\Controllers\Pages->add()
#4 C:\xampp\htdocs\myproject\system\CodeIgniter.php(419): CodeIgniter\CodeIgniter->runController(Object(App\Controllers\Pages))
#5 C:\xampp\htdocs\myproject\system\CodeIgniter.php(326): CodeIgniter\CodeIgniter->handleRequest(NULL, Object(Config\Cache), false)
#6 C:\xampp\htdocs\myproject\public\index.php(37): CodeIgniter\CodeIgniter->run()
#7 C:\xampp\htdocs\myproject\system\Commands\Server\rewrite.php(43): require_once('C:\\xampp\\htdocs...')
#8 {main}
ERROR - 2022-06-14 22:41:02 --> Column 'npm' cannot be null
CRITICAL - 2022-06-14 22:41:02 --> Column 'npm' cannot be null
#0 C:\xampp\htdocs\myproject\system\Database\MySQLi\Connection.php(292): mysqli->query('INSERT INTO `Da...', 0)
#1 C:\xampp\htdocs\myproject\system\Database\BaseConnection.php(670): CodeIgniter\Database\MySQLi\Connection->execute('INSERT INTO `Da...')
#2 C:\xampp\htdocs\myproject\system\Database\BaseConnection.php(598): CodeIgniter\Database\BaseConnection->simpleQuery('INSERT INTO `Da...')
#3 C:\xampp\htdocs\myproject\system\Database\BaseBuilder.php(1771): CodeIgniter\Database\BaseConnection->query('INSERT INTO `Da...', Array, false)
#4 C:\xampp\htdocs\myproject\system\Model.php(239): CodeIgniter\Database\BaseBuilder->insert()
#5 C:\xampp\htdocs\myproject\system\BaseModel.php(738): CodeIgniter\Model->doInsert(Array)
#6 C:\xampp\htdocs\myproject\system\Model.php(625): CodeIgniter\BaseModel->insert(Array, true)
#7 C:\xampp\htdocs\myproject\app\Controllers\Pages.php(33): CodeIgniter\Model->insert(Array)
#8 C:\xampp\htdocs\myproject\system\CodeIgniter.php(832): App\Controllers\Pages->save()
#9 C:\xampp\htdocs\myproject\system\CodeIgniter.php(419): CodeIgniter\CodeIgniter->runController(Object(App\Controllers\Pages))
#10 C:\xampp\htdocs\myproject\system\CodeIgniter.php(326): CodeIgniter\CodeIgniter->handleRequest(NULL, Object(Config\Cache), false)
#11 C:\xampp\htdocs\myproject\public\index.php(37): CodeIgniter\CodeIgniter->run()
#12 C:\xampp\htdocs\myproject\system\Commands\Server\rewrite.php(43): require_once('C:\\xampp\\htdocs...')
#13 {main}
