CRITICAL - 2022-05-28 02:28:03 --> Invalid file: vw_form.php
#0 C:\xampp\htdocs\myproject\system\View\View.php(198): CodeIgniter\Exceptions\FrameworkException::forInvalidFile('vw_form.php')
#1 C:\xampp\htdocs\myproject\system\Common.php(1089): CodeIgniter\View\View->render('vw_form.php', Array, true)
#2 C:\xampp\htdocs\myproject\app\Controllers\Pages.php(6): view('vw_form.php', Array)
#3 C:\xampp\htdocs\myproject\system\CodeIgniter.php(832): App\Controllers\Pages->index()
#4 C:\xampp\htdocs\myproject\system\CodeIgniter.php(419): CodeIgniter\CodeIgniter->runController(Object(App\Controllers\Pages))
#5 C:\xampp\htdocs\myproject\system\CodeIgniter.php(326): CodeIgniter\CodeIgniter->handleRequest(NULL, Object(Config\Cache), false)
#6 C:\xampp\htdocs\myproject\public\index.php(37): CodeIgniter\CodeIgniter->run()
#7 C:\xampp\htdocs\myproject\system\Commands\Server\rewrite.php(43): require_once('C:\\xampp\\htdocs...')
#8 {main}
CRITICAL - 2022-05-28 02:44:52 --> Call to undefined function validation_errors()
#0 C:\xampp\htdocs\myproject\system\View\View.php(210): include()
#1 C:\xampp\htdocs\myproject\system\View\View.php(213): CodeIgniter\View\View->CodeIgniter\View\{closure}()
#2 C:\xampp\htdocs\myproject\system\Common.php(1089): CodeIgniter\View\View->render('vw_form.php', Array, true)
#3 C:\xampp\htdocs\myproject\app\Controllers\Pages.php(6): view('vw_form.php', Array)
#4 C:\xampp\htdocs\myproject\system\CodeIgniter.php(832): App\Controllers\Pages->index()
#5 C:\xampp\htdocs\myproject\system\CodeIgniter.php(419): CodeIgniter\CodeIgniter->runController(Object(App\Controllers\Pages))
#6 C:\xampp\htdocs\myproject\system\CodeIgniter.php(326): CodeIgniter\CodeIgniter->handleRequest(NULL, Object(Config\Cache), false)
#7 C:\xampp\htdocs\myproject\public\index.php(37): CodeIgniter\CodeIgniter->run()
#8 C:\xampp\htdocs\myproject\system\Commands\Server\rewrite.php(43): require_once('C:\\xampp\\htdocs...')
#9 {main}
CRITICAL - 2022-05-28 02:55:35 --> Call to undefined function validation_errors()
#0 C:\xampp\htdocs\myproject\system\View\View.php(210): include()
#1 C:\xampp\htdocs\myproject\system\View\View.php(213): CodeIgniter\View\View->CodeIgniter\View\{closure}()
#2 C:\xampp\htdocs\myproject\system\Common.php(1089): CodeIgniter\View\View->render('vw_form.php', Array, true)
#3 C:\xampp\htdocs\myproject\app\Controllers\Pages.php(6): view('vw_form.php', Array)
#4 C:\xampp\htdocs\myproject\system\CodeIgniter.php(832): App\Controllers\Pages->index()
#5 C:\xampp\htdocs\myproject\system\CodeIgniter.php(419): CodeIgniter\CodeIgniter->runController(Object(App\Controllers\Pages))
#6 C:\xampp\htdocs\myproject\system\CodeIgniter.php(326): CodeIgniter\CodeIgniter->handleRequest(NULL, Object(Config\Cache), false)
#7 C:\xampp\htdocs\myproject\public\index.php(37): CodeIgniter\CodeIgniter->run()
#8 C:\xampp\htdocs\myproject\system\Commands\Server\rewrite.php(43): require_once('C:\\xampp\\htdocs...')
#9 {main}
CRITICAL - 2022-05-28 02:57:23 --> Call to undefined function validation_errors()
#0 C:\xampp\htdocs\myproject\system\View\View.php(210): include()
#1 C:\xampp\htdocs\myproject\system\View\View.php(213): CodeIgniter\View\View->CodeIgniter\View\{closure}()
#2 C:\xampp\htdocs\myproject\system\Common.php(1089): CodeIgniter\View\View->render('vw_form', Array, true)
#3 C:\xampp\htdocs\myproject\app\Controllers\Pages.php(6): view('vw_form', Array)
#4 C:\xampp\htdocs\myproject\system\CodeIgniter.php(832): App\Controllers\Pages->index()
#5 C:\xampp\htdocs\myproject\system\CodeIgniter.php(419): CodeIgniter\CodeIgniter->runController(Object(App\Controllers\Pages))
#6 C:\xampp\htdocs\myproject\system\CodeIgniter.php(326): CodeIgniter\CodeIgniter->handleRequest(NULL, Object(Config\Cache), false)
#7 C:\xampp\htdocs\myproject\public\index.php(37): CodeIgniter\CodeIgniter->run()
#8 C:\xampp\htdocs\myproject\system\Commands\Server\rewrite.php(43): require_once('C:\\xampp\\htdocs...')
#9 {main}
CRITICAL - 2022-05-28 02:57:32 --> Call to undefined function validation_errors()
#0 C:\xampp\htdocs\myproject\system\View\View.php(210): include()
#1 C:\xampp\htdocs\myproject\system\View\View.php(213): CodeIgniter\View\View->CodeIgniter\View\{closure}()
#2 C:\xampp\htdocs\myproject\system\Common.php(1089): CodeIgniter\View\View->render('vw_form', Array, true)
#3 C:\xampp\htdocs\myproject\app\Controllers\Pages.php(6): view('vw_form', Array)
#4 C:\xampp\htdocs\myproject\system\CodeIgniter.php(832): App\Controllers\Pages->index()
#5 C:\xampp\htdocs\myproject\system\CodeIgniter.php(419): CodeIgniter\CodeIgniter->runController(Object(App\Controllers\Pages))
#6 C:\xampp\htdocs\myproject\system\CodeIgniter.php(326): CodeIgniter\CodeIgniter->handleRequest(NULL, Object(Config\Cache), false)
#7 C:\xampp\htdocs\myproject\public\index.php(37): CodeIgniter\CodeIgniter->run()
#8 C:\xampp\htdocs\myproject\system\Commands\Server\rewrite.php(43): require_once('C:\\xampp\\htdocs...')
#9 {main}
CRITICAL - 2022-05-28 02:58:13 --> Call to undefined function validation_errors()
#0 C:\xampp\htdocs\myproject\system\View\View.php(210): include()
#1 C:\xampp\htdocs\myproject\system\View\View.php(213): CodeIgniter\View\View->CodeIgniter\View\{closure}()
#2 C:\xampp\htdocs\myproject\system\Common.php(1089): CodeIgniter\View\View->render('vw_form', Array, true)
#3 C:\xampp\htdocs\myproject\app\Controllers\Pages.php(6): view('vw_form', Array)
#4 C:\xampp\htdocs\myproject\system\CodeIgniter.php(832): App\Controllers\Pages->index()
#5 C:\xampp\htdocs\myproject\system\CodeIgniter.php(419): CodeIgniter\CodeIgniter->runController(Object(App\Controllers\Pages))
#6 C:\xampp\htdocs\myproject\system\CodeIgniter.php(326): CodeIgniter\CodeIgniter->handleRequest(NULL, Object(Config\Cache), false)
#7 C:\xampp\htdocs\myproject\public\index.php(37): CodeIgniter\CodeIgniter->run()
#8 C:\xampp\htdocs\myproject\system\Commands\Server\rewrite.php(43): require_once('C:\\xampp\\htdocs...')
#9 {main}
CRITICAL - 2022-05-28 02:58:16 --> Call to undefined function validation_errors()
#0 C:\xampp\htdocs\myproject\system\View\View.php(210): include()
#1 C:\xampp\htdocs\myproject\system\View\View.php(213): CodeIgniter\View\View->CodeIgniter\View\{closure}()
#2 C:\xampp\htdocs\myproject\system\Common.php(1089): CodeIgniter\View\View->render('vw_form', Array, true)
#3 C:\xampp\htdocs\myproject\app\Controllers\Pages.php(6): view('vw_form', Array)
#4 C:\xampp\htdocs\myproject\system\CodeIgniter.php(832): App\Controllers\Pages->index()
#5 C:\xampp\htdocs\myproject\system\CodeIgniter.php(419): CodeIgniter\CodeIgniter->runController(Object(App\Controllers\Pages))
#6 C:\xampp\htdocs\myproject\system\CodeIgniter.php(326): CodeIgniter\CodeIgniter->handleRequest(NULL, Object(Config\Cache), false)
#7 C:\xampp\htdocs\myproject\public\index.php(37): CodeIgniter\CodeIgniter->run()
#8 C:\xampp\htdocs\myproject\system\Commands\Server\rewrite.php(43): require_once('C:\\xampp\\htdocs...')
#9 {main}
CRITICAL - 2022-05-28 03:46:31 --> Call to undefined function set_radio()
#0 C:\xampp\htdocs\myproject\system\View\View.php(210): include()
#1 C:\xampp\htdocs\myproject\system\View\View.php(213): CodeIgniter\View\View->CodeIgniter\View\{closure}()
#2 C:\xampp\htdocs\myproject\system\Common.php(1089): CodeIgniter\View\View->render('vw_form', Array, true)
#3 C:\xampp\htdocs\myproject\app\Controllers\Pages.php(6): view('vw_form', Array)
#4 C:\xampp\htdocs\myproject\system\CodeIgniter.php(832): App\Controllers\Pages->index()
#5 C:\xampp\htdocs\myproject\system\CodeIgniter.php(419): CodeIgniter\CodeIgniter->runController(Object(App\Controllers\Pages))
#6 C:\xampp\htdocs\myproject\system\CodeIgniter.php(326): CodeIgniter\CodeIgniter->handleRequest(NULL, Object(Config\Cache), false)
#7 C:\xampp\htdocs\myproject\public\index.php(37): CodeIgniter\CodeIgniter->run()
#8 {main}
CRITICAL - 2022-05-28 03:46:34 --> Call to undefined function set_radio()
#0 C:\xampp\htdocs\myproject\system\View\View.php(210): include()
#1 C:\xampp\htdocs\myproject\system\View\View.php(213): CodeIgniter\View\View->CodeIgniter\View\{closure}()
#2 C:\xampp\htdocs\myproject\system\Common.php(1089): CodeIgniter\View\View->render('vw_form', Array, true)
#3 C:\xampp\htdocs\myproject\app\Controllers\Pages.php(6): view('vw_form', Array)
#4 C:\xampp\htdocs\myproject\system\CodeIgniter.php(832): App\Controllers\Pages->index()
#5 C:\xampp\htdocs\myproject\system\CodeIgniter.php(419): CodeIgniter\CodeIgniter->runController(Object(App\Controllers\Pages))
#6 C:\xampp\htdocs\myproject\system\CodeIgniter.php(326): CodeIgniter\CodeIgniter->handleRequest(NULL, Object(Config\Cache), false)
#7 C:\xampp\htdocs\myproject\public\index.php(37): CodeIgniter\CodeIgniter->run()
#8 {main}
CRITICAL - 2022-05-28 10:47:04 --> Call to undefined function validation_errors()
#0 C:\xampp\htdocs\myproject\system\View\View.php(210): include()
#1 C:\xampp\htdocs\myproject\system\View\View.php(213): CodeIgniter\View\View->CodeIgniter\View\{closure}()
#2 C:\xampp\htdocs\myproject\system\Common.php(1089): CodeIgniter\View\View->render('vw_form', Array, true)
#3 C:\xampp\htdocs\myproject\app\Controllers\Biodata.php(6): view('vw_form', Array)
#4 C:\xampp\htdocs\myproject\system\CodeIgniter.php(832): App\Controllers\Biodata->index()
#5 C:\xampp\htdocs\myproject\system\CodeIgniter.php(419): CodeIgniter\CodeIgniter->runController(Object(App\Controllers\Biodata))
#6 C:\xampp\htdocs\myproject\system\CodeIgniter.php(326): CodeIgniter\CodeIgniter->handleRequest(NULL, Object(Config\Cache), false)
#7 C:\xampp\htdocs\myproject\public\index.php(37): CodeIgniter\CodeIgniter->run()
#8 {main}
CRITICAL - 2022-05-28 10:47:53 --> Call to undefined function validation_errors()
#0 C:\xampp\htdocs\myproject\system\View\View.php(210): include()
#1 C:\xampp\htdocs\myproject\system\View\View.php(213): CodeIgniter\View\View->CodeIgniter\View\{closure}()
#2 C:\xampp\htdocs\myproject\system\Common.php(1089): CodeIgniter\View\View->render('vw_form', Array, true)
#3 C:\xampp\htdocs\myproject\app\Controllers\Biodata.php(6): view('vw_form', Array)
#4 C:\xampp\htdocs\myproject\system\CodeIgniter.php(832): App\Controllers\Biodata->index()
#5 C:\xampp\htdocs\myproject\system\CodeIgniter.php(419): CodeIgniter\CodeIgniter->runController(Object(App\Controllers\Biodata))
#6 C:\xampp\htdocs\myproject\system\CodeIgniter.php(326): CodeIgniter\CodeIgniter->handleRequest(NULL, Object(Config\Cache), false)
#7 C:\xampp\htdocs\myproject\public\index.php(37): CodeIgniter\CodeIgniter->run()
#8 {main}
CRITICAL - 2022-05-28 10:47:58 --> Call to undefined function validation_errors()
#0 C:\xampp\htdocs\myproject\system\View\View.php(210): include()
#1 C:\xampp\htdocs\myproject\system\View\View.php(213): CodeIgniter\View\View->CodeIgniter\View\{closure}()
#2 C:\xampp\htdocs\myproject\system\Common.php(1089): CodeIgniter\View\View->render('vw_form', Array, true)
#3 C:\xampp\htdocs\myproject\app\Controllers\Biodata.php(6): view('vw_form', Array)
#4 C:\xampp\htdocs\myproject\system\CodeIgniter.php(832): App\Controllers\Biodata->index()
#5 C:\xampp\htdocs\myproject\system\CodeIgniter.php(419): CodeIgniter\CodeIgniter->runController(Object(App\Controllers\Biodata))
#6 C:\xampp\htdocs\myproject\system\CodeIgniter.php(326): CodeIgniter\CodeIgniter->handleRequest(NULL, Object(Config\Cache), false)
#7 C:\xampp\htdocs\myproject\public\index.php(37): CodeIgniter\CodeIgniter->run()
#8 C:\xampp\htdocs\myproject\system\Commands\Server\rewrite.php(43): require_once('C:\\xampp\\htdocs...')
#9 {main}
CRITICAL - 2022-05-28 10:49:19 --> Call to undefined function validation_errors()
#0 C:\xampp\htdocs\myproject\system\View\View.php(210): include()
#1 C:\xampp\htdocs\myproject\system\View\View.php(213): CodeIgniter\View\View->CodeIgniter\View\{closure}()
#2 C:\xampp\htdocs\myproject\system\Common.php(1089): CodeIgniter\View\View->render('vw_form', Array, true)
#3 C:\xampp\htdocs\myproject\app\Controllers\Biodata.php(6): view('vw_form', Array)
#4 C:\xampp\htdocs\myproject\system\CodeIgniter.php(832): App\Controllers\Biodata->index()
#5 C:\xampp\htdocs\myproject\system\CodeIgniter.php(419): CodeIgniter\CodeIgniter->runController(Object(App\Controllers\Biodata))
#6 C:\xampp\htdocs\myproject\system\CodeIgniter.php(326): CodeIgniter\CodeIgniter->handleRequest(NULL, Object(Config\Cache), false)
#7 C:\xampp\htdocs\myproject\public\index.php(37): CodeIgniter\CodeIgniter->run()
#8 C:\xampp\htdocs\myproject\system\Commands\Server\rewrite.php(43): require_once('C:\\xampp\\htdocs...')
#9 {main}
CRITICAL - 2022-05-28 11:10:23 --> Unclosed '{' on line 3
#0 C:\xampp\htdocs\myproject\system\Autoloader\Autoloader.php(241): CodeIgniter\Autoloader\Autoloader->includeFile('C:\\xampp\\htdocs...')
#1 C:\xampp\htdocs\myproject\system\Autoloader\Autoloader.php(219): CodeIgniter\Autoloader\Autoloader->loadInNamespace('App\\Controllers...')
#2 [internal function]: CodeIgniter\Autoloader\Autoloader->loadClass('App\\Controllers...')
#3 C:\xampp\htdocs\myproject\system\CodeIgniter.php(797): class_exists('\\App\\Controller...', true)
#4 C:\xampp\htdocs\myproject\system\CodeIgniter.php(406): CodeIgniter\CodeIgniter->startController()
#5 C:\xampp\htdocs\myproject\system\CodeIgniter.php(326): CodeIgniter\CodeIgniter->handleRequest(NULL, Object(Config\Cache), false)
#6 C:\xampp\htdocs\myproject\public\index.php(37): CodeIgniter\CodeIgniter->run()
#7 C:\xampp\htdocs\myproject\system\Commands\Server\rewrite.php(43): require_once('C:\\xampp\\htdocs...')
#8 {main}
CRITICAL - 2022-05-28 11:10:25 --> Unclosed '{' on line 3
#0 C:\xampp\htdocs\myproject\system\Autoloader\Autoloader.php(241): CodeIgniter\Autoloader\Autoloader->includeFile('C:\\xampp\\htdocs...')
#1 C:\xampp\htdocs\myproject\system\Autoloader\Autoloader.php(219): CodeIgniter\Autoloader\Autoloader->loadInNamespace('App\\Controllers...')
#2 [internal function]: CodeIgniter\Autoloader\Autoloader->loadClass('App\\Controllers...')
#3 C:\xampp\htdocs\myproject\system\CodeIgniter.php(797): class_exists('\\App\\Controller...', true)
#4 C:\xampp\htdocs\myproject\system\CodeIgniter.php(406): CodeIgniter\CodeIgniter->startController()
#5 C:\xampp\htdocs\myproject\system\CodeIgniter.php(326): CodeIgniter\CodeIgniter->handleRequest(NULL, Object(Config\Cache), false)
#6 C:\xampp\htdocs\myproject\public\index.php(37): CodeIgniter\CodeIgniter->run()
#7 C:\xampp\htdocs\myproject\system\Commands\Server\rewrite.php(43): require_once('C:\\xampp\\htdocs...')
#8 {main}
CRITICAL - 2022-05-28 11:18:20 --> syntax error, unexpected identifier "view"
#0 C:\xampp\htdocs\myproject\system\Autoloader\Autoloader.php(241): CodeIgniter\Autoloader\Autoloader->includeFile('C:\\xampp\\htdocs...')
#1 C:\xampp\htdocs\myproject\system\Autoloader\Autoloader.php(219): CodeIgniter\Autoloader\Autoloader->loadInNamespace('App\\Controllers...')
#2 [internal function]: CodeIgniter\Autoloader\Autoloader->loadClass('App\\Controllers...')
#3 C:\xampp\htdocs\myproject\system\CodeIgniter.php(797): class_exists('\\App\\Controller...', true)
#4 C:\xampp\htdocs\myproject\system\CodeIgniter.php(406): CodeIgniter\CodeIgniter->startController()
#5 C:\xampp\htdocs\myproject\system\CodeIgniter.php(326): CodeIgniter\CodeIgniter->handleRequest(NULL, Object(Config\Cache), false)
#6 C:\xampp\htdocs\myproject\public\index.php(37): CodeIgniter\CodeIgniter->run()
#7 C:\xampp\htdocs\myproject\system\Commands\Server\rewrite.php(43): require_once('C:\\xampp\\htdocs...')
#8 {main}
CRITICAL - 2022-05-28 11:19:25 --> syntax error, unexpected identifier "view"
#0 C:\xampp\htdocs\myproject\system\Autoloader\Autoloader.php(241): CodeIgniter\Autoloader\Autoloader->includeFile('C:\\xampp\\htdocs...')
#1 C:\xampp\htdocs\myproject\system\Autoloader\Autoloader.php(219): CodeIgniter\Autoloader\Autoloader->loadInNamespace('App\\Controllers...')
#2 [internal function]: CodeIgniter\Autoloader\Autoloader->loadClass('App\\Controllers...')
#3 C:\xampp\htdocs\myproject\system\CodeIgniter.php(797): class_exists('\\App\\Controller...', true)
#4 C:\xampp\htdocs\myproject\system\CodeIgniter.php(406): CodeIgniter\CodeIgniter->startController()
#5 C:\xampp\htdocs\myproject\system\CodeIgniter.php(326): CodeIgniter\CodeIgniter->handleRequest(NULL, Object(Config\Cache), false)
#6 C:\xampp\htdocs\myproject\public\index.php(37): CodeIgniter\CodeIgniter->run()
#7 C:\xampp\htdocs\myproject\system\Commands\Server\rewrite.php(43): require_once('C:\\xampp\\htdocs...')
#8 {main}
CRITICAL - 2022-05-28 11:21:27 --> Call to undefined function form_open()
#0 C:\xampp\htdocs\myproject\system\View\View.php(210): include()
#1 C:\xampp\htdocs\myproject\system\View\View.php(213): CodeIgniter\View\View->CodeIgniter\View\{closure}()
#2 C:\xampp\htdocs\myproject\system\Common.php(1089): CodeIgniter\View\View->render('vw_form', Array, true)
#3 C:\xampp\htdocs\myproject\app\Controllers\Biodata.php(6): view('vw_form', Array)
#4 C:\xampp\htdocs\myproject\system\CodeIgniter.php(832): App\Controllers\Biodata->index()
#5 C:\xampp\htdocs\myproject\system\CodeIgniter.php(419): CodeIgniter\CodeIgniter->runController(Object(App\Controllers\Biodata))
#6 C:\xampp\htdocs\myproject\system\CodeIgniter.php(326): CodeIgniter\CodeIgniter->handleRequest(NULL, Object(Config\Cache), false)
#7 C:\xampp\htdocs\myproject\public\index.php(37): CodeIgniter\CodeIgniter->run()
#8 C:\xampp\htdocs\myproject\system\Commands\Server\rewrite.php(43): require_once('C:\\xampp\\htdocs...')
#9 {main}
