CRITICAL - 2022-05-13 15:33:12 --> syntax error, unexpected variable "$active_group", expecting "function" or "const"
#0 C:\xampp\htdocs\myproject\system\Autoloader\Autoloader.php(241): CodeIgniter\Autoloader\Autoloader->includeFile('C:\\xampp\\htdocs...')
#1 C:\xampp\htdocs\myproject\system\Autoloader\Autoloader.php(219): CodeIgniter\Autoloader\Autoloader->loadInNamespace('Config\\Database')
#2 C:\xampp\htdocs\myproject\system\Debug\Toolbar\Collectors\Database.php(251): CodeIgniter\Autoloader\Autoloader->loadClass('Config\\Database')
#3 C:\xampp\htdocs\myproject\system\Debug\Toolbar\Collectors\Database.php(69): CodeIgniter\Debug\Toolbar\Collectors\Database->getConnections()
#4 C:\xampp\htdocs\myproject\system\Debug\Toolbar.php(62): CodeIgniter\Debug\Toolbar\Collectors\Database->__construct()
#5 C:\xampp\htdocs\myproject\system\Config\Services.php(626): CodeIgniter\Debug\Toolbar->__construct(Object(Config\Toolbar))
#6 C:\xampp\htdocs\myproject\system\Config\BaseService.php(248): CodeIgniter\Config\Services::toolbar(Object(Config\Toolbar), false)
#7 C:\xampp\htdocs\myproject\system\Config\BaseService.php(189): CodeIgniter\Config\BaseService::__callStatic('toolbar', Array)
#8 C:\xampp\htdocs\myproject\system\Config\Services.php(621): CodeIgniter\Config\BaseService::getSharedInstance('toolbar', NULL)
#9 C:\xampp\htdocs\myproject\system\Config\BaseService.php(248): CodeIgniter\Config\Services::toolbar()
#10 C:\xampp\htdocs\myproject\system\Filters\DebugToolbar.php(40): CodeIgniter\Config\BaseService::__callStatic('toolbar', Array)
#11 C:\xampp\htdocs\myproject\system\Filters\Filters.php(196): CodeIgniter\Filters\DebugToolbar->after(Object(CodeIgniter\HTTP\IncomingRequest), Object(CodeIgniter\HTTP\Response), NULL)
#12 C:\xampp\htdocs\myproject\system\CodeIgniter.php(436): CodeIgniter\Filters\Filters->run('/', 'after')
#13 C:\xampp\htdocs\myproject\system\CodeIgniter.php(326): CodeIgniter\CodeIgniter->handleRequest(NULL, Object(Config\Cache), false)
#14 C:\xampp\htdocs\myproject\public\index.php(37): CodeIgniter\CodeIgniter->run()
#15 {main}
CRITICAL - 2022-05-13 15:35:14 --> syntax error, unexpected variable "$active_group", expecting "function" or "const"
#0 C:\xampp\htdocs\myproject\system\Autoloader\Autoloader.php(241): CodeIgniter\Autoloader\Autoloader->includeFile('C:\\xampp\\htdocs...')
#1 C:\xampp\htdocs\myproject\system\Autoloader\Autoloader.php(219): CodeIgniter\Autoloader\Autoloader->loadInNamespace('Config\\Database')
#2 C:\xampp\htdocs\myproject\system\Debug\Toolbar\Collectors\Database.php(251): CodeIgniter\Autoloader\Autoloader->loadClass('Config\\Database')
#3 C:\xampp\htdocs\myproject\system\Debug\Toolbar\Collectors\Database.php(69): CodeIgniter\Debug\Toolbar\Collectors\Database->getConnections()
#4 C:\xampp\htdocs\myproject\system\Debug\Toolbar.php(62): CodeIgniter\Debug\Toolbar\Collectors\Database->__construct()
#5 C:\xampp\htdocs\myproject\system\Config\Services.php(626): CodeIgniter\Debug\Toolbar->__construct(Object(Config\Toolbar))
#6 C:\xampp\htdocs\myproject\system\Config\BaseService.php(248): CodeIgniter\Config\Services::toolbar(Object(Config\Toolbar), false)
#7 C:\xampp\htdocs\myproject\system\Config\BaseService.php(189): CodeIgniter\Config\BaseService::__callStatic('toolbar', Array)
#8 C:\xampp\htdocs\myproject\system\Config\Services.php(621): CodeIgniter\Config\BaseService::getSharedInstance('toolbar', NULL)
#9 C:\xampp\htdocs\myproject\system\Config\BaseService.php(248): CodeIgniter\Config\Services::toolbar()
#10 C:\xampp\htdocs\myproject\system\Filters\DebugToolbar.php(40): CodeIgniter\Config\BaseService::__callStatic('toolbar', Array)
#11 C:\xampp\htdocs\myproject\system\Filters\Filters.php(196): CodeIgniter\Filters\DebugToolbar->after(Object(CodeIgniter\HTTP\IncomingRequest), Object(CodeIgniter\HTTP\Response), NULL)
#12 C:\xampp\htdocs\myproject\system\CodeIgniter.php(436): CodeIgniter\Filters\Filters->run('/', 'after')
#13 C:\xampp\htdocs\myproject\system\CodeIgniter.php(326): CodeIgniter\CodeIgniter->handleRequest(NULL, Object(Config\Cache), false)
#14 C:\xampp\htdocs\myproject\public\index.php(37): CodeIgniter\CodeIgniter->run()
#15 {main}
CRITICAL - 2022-05-13 15:35:35 --> syntax error, unexpected variable "$active_group", expecting "function" or "const"
#0 C:\xampp\htdocs\myproject\system\Autoloader\Autoloader.php(241): CodeIgniter\Autoloader\Autoloader->includeFile('C:\\xampp\\htdocs...')
#1 C:\xampp\htdocs\myproject\system\Autoloader\Autoloader.php(219): CodeIgniter\Autoloader\Autoloader->loadInNamespace('Config\\Database')
#2 C:\xampp\htdocs\myproject\system\Debug\Toolbar\Collectors\Database.php(251): CodeIgniter\Autoloader\Autoloader->loadClass('Config\\Database')
#3 C:\xampp\htdocs\myproject\system\Debug\Toolbar\Collectors\Database.php(69): CodeIgniter\Debug\Toolbar\Collectors\Database->getConnections()
#4 C:\xampp\htdocs\myproject\system\Debug\Toolbar.php(62): CodeIgniter\Debug\Toolbar\Collectors\Database->__construct()
#5 C:\xampp\htdocs\myproject\system\Config\Services.php(626): CodeIgniter\Debug\Toolbar->__construct(Object(Config\Toolbar))
#6 C:\xampp\htdocs\myproject\system\Config\BaseService.php(248): CodeIgniter\Config\Services::toolbar(Object(Config\Toolbar), false)
#7 C:\xampp\htdocs\myproject\system\Config\BaseService.php(189): CodeIgniter\Config\BaseService::__callStatic('toolbar', Array)
#8 C:\xampp\htdocs\myproject\system\Config\Services.php(621): CodeIgniter\Config\BaseService::getSharedInstance('toolbar', NULL)
#9 C:\xampp\htdocs\myproject\system\Config\BaseService.php(248): CodeIgniter\Config\Services::toolbar()
#10 C:\xampp\htdocs\myproject\system\Filters\DebugToolbar.php(40): CodeIgniter\Config\BaseService::__callStatic('toolbar', Array)
#11 C:\xampp\htdocs\myproject\system\Filters\Filters.php(196): CodeIgniter\Filters\DebugToolbar->after(Object(CodeIgniter\HTTP\IncomingRequest), Object(CodeIgniter\HTTP\Response), NULL)
#12 C:\xampp\htdocs\myproject\system\CodeIgniter.php(436): CodeIgniter\Filters\Filters->run('/', 'after')
#13 C:\xampp\htdocs\myproject\system\CodeIgniter.php(326): CodeIgniter\CodeIgniter->handleRequest(NULL, Object(Config\Cache), false)
#14 C:\xampp\htdocs\myproject\public\index.php(37): CodeIgniter\CodeIgniter->run()
#15 {main}
CRITICAL - 2022-05-13 15:35:56 --> syntax error, unexpected variable "$active_group", expecting "function" or "const"
#0 C:\xampp\htdocs\myproject\system\Autoloader\Autoloader.php(241): CodeIgniter\Autoloader\Autoloader->includeFile('C:\\xampp\\htdocs...')
#1 C:\xampp\htdocs\myproject\system\Autoloader\Autoloader.php(219): CodeIgniter\Autoloader\Autoloader->loadInNamespace('Config\\Database')
#2 C:\xampp\htdocs\myproject\system\Debug\Toolbar\Collectors\Database.php(251): CodeIgniter\Autoloader\Autoloader->loadClass('Config\\Database')
#3 C:\xampp\htdocs\myproject\system\Debug\Toolbar\Collectors\Database.php(69): CodeIgniter\Debug\Toolbar\Collectors\Database->getConnections()
#4 C:\xampp\htdocs\myproject\system\Debug\Toolbar.php(62): CodeIgniter\Debug\Toolbar\Collectors\Database->__construct()
#5 C:\xampp\htdocs\myproject\system\Config\Services.php(626): CodeIgniter\Debug\Toolbar->__construct(Object(Config\Toolbar))
#6 C:\xampp\htdocs\myproject\system\Config\BaseService.php(248): CodeIgniter\Config\Services::toolbar(Object(Config\Toolbar), false)
#7 C:\xampp\htdocs\myproject\system\Config\BaseService.php(189): CodeIgniter\Config\BaseService::__callStatic('toolbar', Array)
#8 C:\xampp\htdocs\myproject\system\Config\Services.php(621): CodeIgniter\Config\BaseService::getSharedInstance('toolbar', NULL)
#9 C:\xampp\htdocs\myproject\system\Config\BaseService.php(248): CodeIgniter\Config\Services::toolbar()
#10 C:\xampp\htdocs\myproject\system\Filters\DebugToolbar.php(40): CodeIgniter\Config\BaseService::__callStatic('toolbar', Array)
#11 C:\xampp\htdocs\myproject\system\Filters\Filters.php(196): CodeIgniter\Filters\DebugToolbar->after(Object(CodeIgniter\HTTP\IncomingRequest), Object(CodeIgniter\HTTP\Response), NULL)
#12 C:\xampp\htdocs\myproject\system\CodeIgniter.php(436): CodeIgniter\Filters\Filters->run('/', 'after')
#13 C:\xampp\htdocs\myproject\system\CodeIgniter.php(326): CodeIgniter\CodeIgniter->handleRequest(NULL, Object(Config\Cache), false)
#14 C:\xampp\htdocs\myproject\public\index.php(37): CodeIgniter\CodeIgniter->run()
#15 {main}
CRITICAL - 2022-05-13 15:36:48 --> syntax error, unexpected variable "$active_group", expecting "function" or "const"
#0 C:\xampp\htdocs\myproject\system\Autoloader\Autoloader.php(241): CodeIgniter\Autoloader\Autoloader->includeFile('C:\\xampp\\htdocs...')
#1 C:\xampp\htdocs\myproject\system\Autoloader\Autoloader.php(219): CodeIgniter\Autoloader\Autoloader->loadInNamespace('Config\\Database')
#2 C:\xampp\htdocs\myproject\system\Debug\Toolbar\Collectors\Database.php(251): CodeIgniter\Autoloader\Autoloader->loadClass('Config\\Database')
#3 C:\xampp\htdocs\myproject\system\Debug\Toolbar\Collectors\Database.php(69): CodeIgniter\Debug\Toolbar\Collectors\Database->getConnections()
#4 C:\xampp\htdocs\myproject\system\Debug\Toolbar.php(62): CodeIgniter\Debug\Toolbar\Collectors\Database->__construct()
#5 C:\xampp\htdocs\myproject\system\Config\Services.php(626): CodeIgniter\Debug\Toolbar->__construct(Object(Config\Toolbar))
#6 C:\xampp\htdocs\myproject\system\Config\BaseService.php(248): CodeIgniter\Config\Services::toolbar(Object(Config\Toolbar), false)
#7 C:\xampp\htdocs\myproject\system\Config\BaseService.php(189): CodeIgniter\Config\BaseService::__callStatic('toolbar', Array)
#8 C:\xampp\htdocs\myproject\system\Config\Services.php(621): CodeIgniter\Config\BaseService::getSharedInstance('toolbar', NULL)
#9 C:\xampp\htdocs\myproject\system\Config\BaseService.php(248): CodeIgniter\Config\Services::toolbar()
#10 C:\xampp\htdocs\myproject\system\Filters\DebugToolbar.php(40): CodeIgniter\Config\BaseService::__callStatic('toolbar', Array)
#11 C:\xampp\htdocs\myproject\system\Filters\Filters.php(196): CodeIgniter\Filters\DebugToolbar->after(Object(CodeIgniter\HTTP\IncomingRequest), Object(CodeIgniter\HTTP\Response), NULL)
#12 C:\xampp\htdocs\myproject\system\CodeIgniter.php(436): CodeIgniter\Filters\Filters->run('/', 'after')
#13 C:\xampp\htdocs\myproject\system\CodeIgniter.php(326): CodeIgniter\CodeIgniter->handleRequest(NULL, Object(Config\Cache), false)
#14 C:\xampp\htdocs\myproject\public\index.php(37): CodeIgniter\CodeIgniter->run()
#15 {main}
CRITICAL - 2022-05-13 15:38:26 --> syntax error, unexpected variable "$active_group", expecting "function" or "const"
#0 C:\xampp\htdocs\myproject\system\Autoloader\Autoloader.php(241): CodeIgniter\Autoloader\Autoloader->includeFile('C:\\xampp\\htdocs...')
#1 C:\xampp\htdocs\myproject\system\Autoloader\Autoloader.php(219): CodeIgniter\Autoloader\Autoloader->loadInNamespace('Config\\Database')
#2 C:\xampp\htdocs\myproject\system\Debug\Toolbar\Collectors\Database.php(251): CodeIgniter\Autoloader\Autoloader->loadClass('Config\\Database')
#3 C:\xampp\htdocs\myproject\system\Debug\Toolbar\Collectors\Database.php(69): CodeIgniter\Debug\Toolbar\Collectors\Database->getConnections()
#4 C:\xampp\htdocs\myproject\system\Debug\Toolbar.php(62): CodeIgniter\Debug\Toolbar\Collectors\Database->__construct()
#5 C:\xampp\htdocs\myproject\system\Config\Services.php(626): CodeIgniter\Debug\Toolbar->__construct(Object(Config\Toolbar))
#6 C:\xampp\htdocs\myproject\system\Config\BaseService.php(248): CodeIgniter\Config\Services::toolbar(Object(Config\Toolbar), false)
#7 C:\xampp\htdocs\myproject\system\Config\BaseService.php(189): CodeIgniter\Config\BaseService::__callStatic('toolbar', Array)
#8 C:\xampp\htdocs\myproject\system\Config\Services.php(621): CodeIgniter\Config\BaseService::getSharedInstance('toolbar', NULL)
#9 C:\xampp\htdocs\myproject\system\Config\BaseService.php(248): CodeIgniter\Config\Services::toolbar()
#10 C:\xampp\htdocs\myproject\system\Filters\DebugToolbar.php(40): CodeIgniter\Config\BaseService::__callStatic('toolbar', Array)
#11 C:\xampp\htdocs\myproject\system\Filters\Filters.php(196): CodeIgniter\Filters\DebugToolbar->after(Object(CodeIgniter\HTTP\IncomingRequest), Object(CodeIgniter\HTTP\Response), NULL)
#12 C:\xampp\htdocs\myproject\system\CodeIgniter.php(436): CodeIgniter\Filters\Filters->run('/', 'after')
#13 C:\xampp\htdocs\myproject\system\CodeIgniter.php(326): CodeIgniter\CodeIgniter->handleRequest(NULL, Object(Config\Cache), false)
#14 C:\xampp\htdocs\myproject\public\index.php(37): CodeIgniter\CodeIgniter->run()
#15 {main}
CRITICAL - 2022-05-13 15:39:22 --> syntax error, unexpected token "[", expecting "("
#0 C:\xampp\htdocs\myproject\system\Autoloader\Autoloader.php(241): CodeIgniter\Autoloader\Autoloader->includeFile('C:\\xampp\\htdocs...')
#1 C:\xampp\htdocs\myproject\system\Autoloader\Autoloader.php(219): CodeIgniter\Autoloader\Autoloader->loadInNamespace('Config\\Database')
#2 C:\xampp\htdocs\myproject\system\Debug\Toolbar\Collectors\Database.php(251): CodeIgniter\Autoloader\Autoloader->loadClass('Config\\Database')
#3 C:\xampp\htdocs\myproject\system\Debug\Toolbar\Collectors\Database.php(69): CodeIgniter\Debug\Toolbar\Collectors\Database->getConnections()
#4 C:\xampp\htdocs\myproject\system\Debug\Toolbar.php(62): CodeIgniter\Debug\Toolbar\Collectors\Database->__construct()
#5 C:\xampp\htdocs\myproject\system\Config\Services.php(626): CodeIgniter\Debug\Toolbar->__construct(Object(Config\Toolbar))
#6 C:\xampp\htdocs\myproject\system\Config\BaseService.php(248): CodeIgniter\Config\Services::toolbar(Object(Config\Toolbar), false)
#7 C:\xampp\htdocs\myproject\system\Config\BaseService.php(189): CodeIgniter\Config\BaseService::__callStatic('toolbar', Array)
#8 C:\xampp\htdocs\myproject\system\Config\Services.php(621): CodeIgniter\Config\BaseService::getSharedInstance('toolbar', NULL)
#9 C:\xampp\htdocs\myproject\system\Config\BaseService.php(248): CodeIgniter\Config\Services::toolbar()
#10 C:\xampp\htdocs\myproject\system\Filters\DebugToolbar.php(40): CodeIgniter\Config\BaseService::__callStatic('toolbar', Array)
#11 C:\xampp\htdocs\myproject\system\Filters\Filters.php(196): CodeIgniter\Filters\DebugToolbar->after(Object(CodeIgniter\HTTP\IncomingRequest), Object(CodeIgniter\HTTP\Response), NULL)
#12 C:\xampp\htdocs\myproject\system\CodeIgniter.php(436): CodeIgniter\Filters\Filters->run('/', 'after')
#13 C:\xampp\htdocs\myproject\system\CodeIgniter.php(326): CodeIgniter\CodeIgniter->handleRequest(NULL, Object(Config\Cache), false)
#14 C:\xampp\htdocs\myproject\public\index.php(37): CodeIgniter\CodeIgniter->run()
#15 {main}
CRITICAL - 2022-05-13 15:40:47 --> syntax error, unexpected single-quoted string "port", expecting "]"
#0 C:\xampp\htdocs\myproject\system\Autoloader\Autoloader.php(241): CodeIgniter\Autoloader\Autoloader->includeFile('C:\\xampp\\htdocs...')
#1 C:\xampp\htdocs\myproject\system\Autoloader\Autoloader.php(219): CodeIgniter\Autoloader\Autoloader->loadInNamespace('Config\\Database')
#2 C:\xampp\htdocs\myproject\system\Debug\Toolbar\Collectors\Database.php(251): CodeIgniter\Autoloader\Autoloader->loadClass('Config\\Database')
#3 C:\xampp\htdocs\myproject\system\Debug\Toolbar\Collectors\Database.php(69): CodeIgniter\Debug\Toolbar\Collectors\Database->getConnections()
#4 C:\xampp\htdocs\myproject\system\Debug\Toolbar.php(62): CodeIgniter\Debug\Toolbar\Collectors\Database->__construct()
#5 C:\xampp\htdocs\myproject\system\Config\Services.php(626): CodeIgniter\Debug\Toolbar->__construct(Object(Config\Toolbar))
#6 C:\xampp\htdocs\myproject\system\Config\BaseService.php(248): CodeIgniter\Config\Services::toolbar(Object(Config\Toolbar), false)
#7 C:\xampp\htdocs\myproject\system\Config\BaseService.php(189): CodeIgniter\Config\BaseService::__callStatic('toolbar', Array)
#8 C:\xampp\htdocs\myproject\system\Config\Services.php(621): CodeIgniter\Config\BaseService::getSharedInstance('toolbar', NULL)
#9 C:\xampp\htdocs\myproject\system\Config\BaseService.php(248): CodeIgniter\Config\Services::toolbar()
#10 C:\xampp\htdocs\myproject\system\Filters\DebugToolbar.php(40): CodeIgniter\Config\BaseService::__callStatic('toolbar', Array)
#11 C:\xampp\htdocs\myproject\system\Filters\Filters.php(196): CodeIgniter\Filters\DebugToolbar->after(Object(CodeIgniter\HTTP\IncomingRequest), Object(CodeIgniter\HTTP\Response), NULL)
#12 C:\xampp\htdocs\myproject\system\CodeIgniter.php(436): CodeIgniter\Filters\Filters->run('/', 'after')
#13 C:\xampp\htdocs\myproject\system\CodeIgniter.php(326): CodeIgniter\CodeIgniter->handleRequest(NULL, Object(Config\Cache), false)
#14 C:\xampp\htdocs\myproject\public\index.php(37): CodeIgniter\CodeIgniter->run()
#15 {main}
